<?xml version="1.0" encoding="UTF-8" ?>
<testsuite tests="1" failures="0" name="com.codebind.AppTest" time="0.032" errors="0" skipped="0">
  <properties>
    <property name="PROCESSOR_ARCHITECTURE" value="AMD64"/>
    <property name="PHP_FCGI_MAX_REQUESTS" value="0"/>
    <property name="LOGONSERVER" value="\\LAPTOP-TKE3IMK7"/>
    <property name="ProgramData" value="C:\ProgramData"/>
    <property name="java.home" value="C:\Program Files\Java\jdk-11.0.12"/>
    <property name="NODE_NAME" value="master"/>
    <property name="JENKINS_URL" value="http://localhost:8080/"/>
    <property name="ALLUSERSPROFILE" value="C:\ProgramData"/>
    <property name="PSModulePath" value="C:\Program Files\WindowsPowerShell\Modules;C:\WINDOWS\system32\WindowsPowerShell\v1.0\Modules"/>
    <property name="=::" value="::\"/>
    <property name="USERDOMAIN" value="LAPTOP-TKE3IMK7"/>
    <property name="sun.os.patch.level" value=""/>
    <property name="HTTPPORT" value="8080"/>
    <property name="java.vendor.url" value="https://openjdk.java.net/"/>
    <property name="CommonProgramFiles(x86)" value="C:\Program Files (x86)\Common Files"/>
    <property name="java.version" value="11.0.12"/>
    <property name="JOB_NAME" value="SeleniumMavenn"/>
    <property name="COMPUTERNAME" value="LAPTOP-TKE3IMK7"/>
    <property name="java.vendor.url.bug" value="https://bugreport.java.com/bugreport/"/>
    <property name="PUBLIC" value="C:\Users\Public"/>
    <property name="java.version.date" value="2021-07-20"/>
    <property name="jdk.debug" value="release"/>
    <property name="user.name" value="lenovo"/>
    <property name="sun.io.unicode.encoding" value="UnicodeLittle"/>
    <property name="sun.jnu.encoding" value="Cp1252"/>
    <property name="java.runtime.name" value="Java(TM) SE Runtime Environment"/>
    <property name="windir" value="C:\WINDOWS"/>
    <property name="PROCESSOR_IDENTIFIER" value="AMD64 Family 21 Model 112 Stepping 0, AuthenticAMD"/>
    <property name="GOOGLE_API_KEY" value="no"/>
    <property name="java.specification.name" value="Java Platform API Specification"/>
    <property name="LOCALAPPDATA" value="C:\Users\lenovo\AppData\Local"/>
    <property name="RUN_CHANGES_DISPLAY_URL" value="http://localhost:8080/job/SeleniumMavenn/1/display/redirect?page=changes"/>
    <property name="user.timezone" value="Asia/Calcutta"/>
    <property name="user.script" value=""/>
    <property name="path.separator" value=";"/>
    <property name="NUMBER_OF_PROCESSORS" value="2"/>
    <property name="BUILD_TAG" value="jenkins-SeleniumMavenn-1"/>
    <property name="file.encoding" value="Cp1252"/>
    <property name="sun.java.command" value="jenkins.maven3.agent.Maven35Main C:\Program Files\apache-maven-3.8.2 C:\Users\lenovo\.jenkins\war\WEB-INF\lib\remoting-4.7.jar C:\Users\lenovo\.jenkins\plugins\maven-plugin\WEB-INF\lib\maven35-interceptor-1.13.jar C:\Users\lenovo\.jenkins\plugins\maven-plugin\WEB-INF\lib\maven3-interceptor-commons-1.13.jar 52586"/>
    <property name="HUDSON_URL" value="http://localhost:8080/"/>
    <property name="JENKINS_SERVER_COOKIE" value="9b7c55bf2c2d4177"/>
    <property name="EXECUTOR_NUMBER" value="0"/>
    <property name="Path" value="C:\Program Files\Common Files\Oracle\Java\javapath;C:\Users\lenovo\AppData\Local\Programs\Python\Python38\Scripts\;C:\Users\lenovo\AppData\Local\Programs\Python\Python38\;C:\Python\Python38\Scripts\;C:\Python\Python38\;&quot;C:\Python27;C:\Users\lenovo\AppData\Local\Programs\Python\Python38-32&quot;;C:\WINDOWS\system32;C:\WINDOWS;C:\WINDOWS\System32\Wbem;C:\WINDOWS\System32\WindowsPowerShell\v1.0\;C:\Python27;C:\Python27\Scripts;C:\Users\lenovo\AppData\Local\Programs\Python\Python38-32;;C:\WINDOWS\System32\OpenSSH\;C:\Program Files\Git\cmd;C:\Program Files\apache-maven-3.8.2\bin;C:\Program Files\Java\jdk-11.0.12\bin;C:\Users\lenovo\AppData\Local\Microsoft\WindowsApps;C:\Users\lenovo\AppData\Local\atom\bin;C:\Program Files\JetBrains\PyCharm Community Edition 2020.1\bin;;C:\Users\lenovo\AppData\Local\Microsoft\WindowsApps;C:\Program Files\Java\jre1.8.0_301\bin;"/>
    <property name="java.io.tmpdir" value="C:\Users\lenovo\AppData\Local\Temp\"/>
    <property name="APPDATA" value="C:\Users\lenovo\AppData\Roaming"/>
    <property name="user.language" value="en"/>
    <property name="line.separator" value="
"/>
    <property name="BUILD_URL" value="http://localhost:8080/job/SeleniumMavenn/1/"/>
    <property name="M2_HOME" value="C:\Program Files\apache-maven-3.8.2"/>
    <property name="=C:" value="C:\Users\lenovo"/>
    <property name="ERROR_CODE" value="0"/>
    <property name="java.vm.info" value="mixed mode"/>
    <property name="DriverData" value="C:\Windows\System32\Drivers\DriverData"/>
    <property name="sun.desktop" value="windows"/>
    <property name="java.vm.specification.name" value="Java Virtual Machine Specification"/>
    <property name="CI" value="true"/>
    <property name="BUILD_DISPLAY_NAME" value="#1"/>
    <property name="OS" value="Windows_NT"/>
    <property name="guice.disable.misplaced.annotation.check" value="true"/>
    <property name="HUDSON_SERVER_COOKIE" value="9b7c55bf2c2d4177"/>
    <property name="WORKSPACE_TMP" value="C:\Users\lenovo\.jenkins\workspace\SeleniumMavenn@tmp"/>
    <property name="MAVEN_HOME" value="C:\Program Files\apache-maven-3.8.2"/>
    <property name="SESSIONNAME" value="Console"/>
    <property name="PATHEXT" value=".COM;.EXE;.BAT;.CMD;.VBS;.VBE;.JS;.JSE;.WSF;.WSH;.MSC;.PY;.PYW"/>
    <property name="java.awt.printerjob" value="sun.awt.windows.WPrinterJob"/>
    <property name="maven3.interceptor.common" value="C:\Users\lenovo\.jenkins\plugins\maven-plugin\WEB-INF\lib\maven3-interceptor-commons-1.13.jar"/>
    <property name="CLASSPATH" value=""/>
    <property name="jansi.mode" value="strip"/>
    <property name="PyCharm Community Edition" value="C:\Program Files\JetBrains\PyCharm Community Edition 2020.1\bin;"/>
    <property name="HOMEPATH" value="\Users\lenovo"/>
    <property name="os.name" value="Windows 10"/>
    <property name="java.specification.vendor" value="Oracle Corporation"/>
    <property name="BUILD_NUMBER" value="1"/>
    <property name="java.vm.name" value="Java HotSpot(TM) 64-Bit Server VM"/>
    <property name="PYTHON_HOME" value="C:\Users\lenovo\AppData\Local\Programs\Python\Python38-32"/>
    <property name="maven3.interceptor" value="C:\Users\lenovo\.jenkins\plugins\maven-plugin\WEB-INF\lib\maven35-interceptor-1.13.jar"/>
    <property name="java.library.path" value="C:\Program Files\Java\jdk-11.0.12\bin;C:\WINDOWS\Sun\Java\bin;C:\WINDOWS\system32;C:\WINDOWS;C:\Program Files\apache-maven-3.8.2/bin;C:\Program Files\Common Files\Oracle\Java\javapath;C:\Users\lenovo\AppData\Local\Programs\Python\Python38\Scripts\;C:\Users\lenovo\AppData\Local\Programs\Python\Python38\;C:\Python\Python38\Scripts\;C:\Python\Python38\;&quot;C:\Python27;C:\Users\lenovo\AppData\Local\Programs\Python\Python38-32&quot;;C:\WINDOWS\system32;C:\WINDOWS;C:\WINDOWS\System32\Wbem;C:\WINDOWS\System32\WindowsPowerShell\v1.0\;C:\Python27;C:\Python27\Scripts;C:\Users\lenovo\AppData\Local\Programs\Python\Python38-32;;C:\WINDOWS\System32\OpenSSH\;C:\Program Files\Git\cmd;C:\Program Files\apache-maven-3.8.2\bin;C:\Program Files\Java\jdk-11.0.12\bin;C:\Users\lenovo\AppData\Local\Microsoft\WindowsApps;C:\Users\lenovo\AppData\Local\atom\bin;C:\Program Files\JetBrains\PyCharm Community Edition 2020.1\bin;;C:\Users\lenovo\AppData\Local\Microsoft\WindowsApps;C:\Program Files\Java\jre1.8.0_301\bin;;."/>
    <property name="HOMEDRIVE" value="C:"/>
    <property name="java.class.version" value="55.0"/>
    <property name="JOB_URL" value="http://localhost:8080/job/SeleniumMavenn/"/>
    <property name="OneDrive" value="C:\Users\lenovo\OneDrive"/>
    <property name="RUN_DISPLAY_URL" value="http://localhost:8080/job/SeleniumMavenn/1/display/redirect"/>
    <property name="JENKINS_HOME" value="C:\Users\lenovo\.jenkins"/>
    <property name="BUILD_ID" value="1"/>
    <property name="TEMP" value="C:\Users\lenovo\AppData\Local\Temp"/>
    <property name="sun.boot.library.path" value="C:\Program Files\Java\jdk-11.0.12\bin"/>
    <property name="sun.management.compiler" value="HotSpot 64-Bit Tiered Compilers"/>
    <property name="java.awt.graphicsenv" value="sun.awt.Win32GraphicsEnvironment"/>
    <property name="user.variant" value=""/>
    <property name="PROCESSOR_REVISION" value="7000"/>
    <property name="configsetroot" value="C:\WINDOWS\ConfigSetRoot"/>
    <property name="HUDSON_HOME" value="C:\Users\lenovo\.jenkins"/>
    <property name="ProgramFiles(x86)" value="C:\Program Files (x86)"/>
    <property name="PATH+MAVEN" value="C:\Program Files\apache-maven-3.8.2/bin"/>
    <property name="USERDOMAIN_ROAMINGPROFILE" value="LAPTOP-TKE3IMK7"/>
    <property name="RUN_ARTIFACTS_DISPLAY_URL" value="http://localhost:8080/job/SeleniumMavenn/1/display/redirect?page=artifacts"/>
    <property name="PROMPT" value="$P$G"/>
    <property name="java.vm.specification.version" value="11"/>
    <property name="JAVA_HOME" value="C:\Program Files\Java\jdk-11.0.12"/>
    <property name="awt.toolkit" value="sun.awt.windows.WToolkit"/>
    <property name="NODE_LABELS" value="master"/>
    <property name="sun.cpu.isalist" value="amd64"/>
    <property name="USERPROFILE" value="C:\Users\lenovo"/>
    <property name="java.vm.compressedOopsMode" value="32-bit"/>
    <property name="JOB_DISPLAY_URL" value="http://localhost:8080/job/SeleniumMavenn/display/redirect"/>
    <property name="os.version" value="10.0"/>
    <property name="user.home" value="C:\Users\lenovo"/>
    <property name="USERNAME" value="lenovo"/>
    <property name="java.vm.vendor" value="Oracle Corporation"/>
    <property name="PROCESSOR_LEVEL" value="21"/>
    <property name="GOOGLE_DEFAULT_CLIENT_ID" value="no"/>
    <property name="CommonProgramW6432" value="C:\Program Files\Common Files"/>
    <property name="user.dir" value="C:\Users\lenovo\eclipse-workspace\maven-demo"/>
    <property name="maven.conf" value="C:\Program Files\apache-maven-3.8.2\conf"/>
    <property name="PythonPath" value="C:\Python27;C:\Python27\Scripts;C:\Users\lenovo\AppData\Local\Programs\Python\Python38-32;"/>
    <property name="ProgramW6432" value="C:\Program Files"/>
    <property name="TMP" value="C:\Users\lenovo\AppData\Local\Temp"/>
    <property name="sun.cpu.endian" value="little"/>
    <property name="SystemDrive" value="C:"/>
    <property name="java.vm.version" value="11.0.12+8-LTS-237"/>
    <property name="java.class.path" value="C:\Users\lenovo\.jenkins\plugins\maven-plugin\WEB-INF\lib\maven35-agent-1.13.jar;C:\Program Files\apache-maven-3.8.2\boot\plexus-classworlds-2.6.0.jar;C:\Program Files\apache-maven-3.8.2/conf/logging"/>
    <property name="org.slf4j.simpleLogger.defaultLogLevel" value="info"/>
    <property name="os.arch" value="amd64"/>
    <property name="WORKSPACE" value="C:\Users\lenovo\.jenkins\workspace\SeleniumMavenn"/>
    <property name="ComSpec" value="C:\WINDOWS\system32\cmd.exe"/>
    <property name="RUN_TESTS_DISPLAY_URL" value="http://localhost:8080/job/SeleniumMavenn/1/display/redirect?page=tests"/>
    <property name="sun.java.launcher" value="SUN_STANDARD"/>
    <property name="FPS_BROWSER_APP_PROFILE_STRING" value="Internet Explorer"/>
    <property name="SystemRoot" value="C:\WINDOWS"/>
    <property name="CommonProgramFiles" value="C:\Program Files\Common Files"/>
    <property name="java.vm.specification.vendor" value="Oracle Corporation"/>
    <property name="FPS_BROWSER_USER_PROFILE_STRING" value="Default"/>
    <property name="file.separator" value="\"/>
    <property name="java.runtime.version" value="11.0.12+8-LTS-237"/>
    <property name="ProgramFiles" value="C:\Program Files"/>
    <property name="=ExitCode" value="00000000"/>
    <property name="user.country" value="IN"/>
    <property name="maven.home" value="C:\Program Files\apache-maven-3.8.2"/>
    <property name="JOB_BASE_NAME" value="SeleniumMavenn"/>
    <property name="java.vendor.version" value="18.9"/>
    <property name="java.vendor" value="Oracle Corporation"/>
    <property name="GOOGLE_DEFAULT_CLIENT_SECRET" value="no"/>
    <property name="java.specification.version" value="11"/>
    <property name="sun.arch.data.model" value="64"/>
  </properties>
  <testcase classname="com.codebind.AppTest" name="test" time="0.032"/>
</testsuite>